{"C:\\Users\\ansar\\OneDrive\\Documents\\GitHub\\Capstone-2\\src\\js\\module\\homePage\\itemCounter.js": {"path":"C:\\Users\\ansar\\OneDrive\\Documents\\GitHub\\Capstone-2\\src\\js\\module\\homePage\\itemCounter.js","statementMap":{"0":{"start":{"line":1,"column":20},"end":{"line":12,"column":1}},"1":{"start":{"line":3,"column":22},"end":{"line":3,"column":61}},"2":{"start":{"line":5,"column":2},"end":{"line":9,"column":3}},"3":{"start":{"line":5,"column":15},"end":{"line":5,"column":16}},"4":{"start":{"line":7,"column":18},"end":{"line":7,"column":67}},"5":{"start":{"line":8,"column":4},"end":{"line":8,"column":32}},"6":{"start":{"line":11,"column":2},"end":{"line":11,"column":45}}},"fnMap":{"0":{"name":"(anonymous_0)","decl":{"start":{"line":1,"column":20},"end":{"line":1,"column":21}},"loc":{"start":{"line":1,"column":37},"end":{"line":12,"column":1}},"line":1}},"branchMap":{},"s":{"0":1,"1":1,"2":1,"3":1,"4":5,"5":5,"6":1},"f":{"0":1},"b":{},"_coverageSchema":"1a1c01bbd47fc00a2c39e90264f33305004495a9","hash":"cbc5a3972f8493edf17b41030aa629a5bbd65952"}
,"C:\\Users\\ansar\\OneDrive\\Documents\\GitHub\\Capstone-2\\src\\js\\module\\popup\\commentCounter.js": {"path":"C:\\Users\\ansar\\OneDrive\\Documents\\GitHub\\Capstone-2\\src\\js\\module\\popup\\commentCounter.js","statementMap":{"0":{"start":{"line":1,"column":26},"end":{"line":7,"column":1}},"1":{"start":{"line":2,"column":25},"end":{"line":4,"column":41}},"2":{"start":{"line":3,"column":41},"end":{"line":3,"column":64}},"3":{"start":{"line":4,"column":21},"end":{"line":4,"column":40}},"4":{"start":{"line":6,"column":2},"end":{"line":6,"column":31}}},"fnMap":{"0":{"name":"(anonymous_0)","decl":{"start":{"line":1,"column":26},"end":{"line":1,"column":27}},"loc":{"start":{"line":1,"column":40},"end":{"line":7,"column":1}},"line":1},"1":{"name":"(anonymous_1)","decl":{"start":{"line":3,"column":28},"end":{"line":3,"column":29}},"loc":{"start":{"line":3,"column":41},"end":{"line":3,"column":64}},"line":3},"2":{"name":"(anonymous_2)","decl":{"start":{"line":4,"column":8},"end":{"line":4,"column":9}},"loc":{"start":{"line":4,"column":21},"end":{"line":4,"column":40}},"line":4}},"branchMap":{},"s":{"0":1,"1":2,"2":4,"3":3,"4":2},"f":{"0":2,"1":4,"2":3},"b":{},"_coverageSchema":"1a1c01bbd47fc00a2c39e90264f33305004495a9","hash":"aed7fc03e0b0ce94d0d59db622cf36c5accedcf3"}
,"C:\\Users\\ansar\\OneDrive\\Documents\\GitHub\\Capstone-2\\src\\js\\module\\popup\\commentshow.js": {"path":"C:\\Users\\ansar\\OneDrive\\Documents\\GitHub\\Capstone-2\\src\\js\\module\\popup\\commentshow.js","statementMap":{"0":{"start":{"line":1,"column":28},"end":{"line":3,"column":1}},"1":{"start":{"line":1,"column":39},"end":{"line":3,"column":1}}},"fnMap":{"0":{"name":"(anonymous_0)","decl":{"start":{"line":1,"column":28},"end":{"line":1,"column":29}},"loc":{"start":{"line":1,"column":39},"end":{"line":3,"column":1}},"line":1}},"branchMap":{},"s":{"0":1,"1":1},"f":{"0":1},"b":{},"_coverageSchema":"1a1c01bbd47fc00a2c39e90264f33305004495a9","hash":"e9a79d453b490551f500b002e8c1c0e4f0abbafe"}
}
